0 verbose cli C:\Program Files\nodejs\node.exe C:\Users\naben\AppData\Roaming\npm\node_modules\npm\bin\npm-cli.js
1 info using npm@8.18.0
2 info using node@v18.13.0
3 timing npm:load:whichnode Completed in 0ms
4 timing config:load:defaults Completed in 1ms
5 timing config:load:file:C:\Users\naben\AppData\Roaming\npm\node_modules\npm\npmrc Completed in 10ms
6 timing config:load:builtin Completed in 11ms
7 timing config:load:cli Completed in 2ms
8 timing config:load:env Completed in 0ms
9 timing config:load:file:C:\Native\App\.npmrc Completed in 0ms
10 timing config:load:project Completed in 2ms
11 timing config:load:file:C:\Users\naben\.npmrc Completed in 0ms
12 timing config:load:user Completed in 0ms
13 timing config:load:file:C:\Users\naben\AppData\Roaming\npm\etc\npmrc Completed in 0ms
14 timing config:load:global Completed in 1ms
15 timing config:load:validate Completed in 0ms
16 timing config:load:credentials Completed in 1ms
17 timing config:load:setEnvs Completed in 0ms
18 timing config:load Completed in 18ms
19 timing npm:load:configload Completed in 19ms
20 timing npm:load:mkdirpcache Completed in 0ms
21 timing npm:load:mkdirplogs Completed in 0ms
22 verbose title npm start
23 verbose argv "start" "--cache" "-clear"
24 timing npm:load:setTitle Completed in 1ms
25 timing config:load:flatten Completed in 3ms
26 timing npm:load:display Completed in 4ms
27 verbose logfile logs-max:10 dir:C:\Native\App\-clear\_logs
28 verbose logfile C:\Native\App\-clear\_logs\2023-03-08T15_55_30_942Z-debug-0.log
29 timing npm:load:logFile Completed in 34ms
30 timing npm:load:timers Completed in 0ms
31 timing npm:load:configScope Completed in 0ms
32 timing npm:load Completed in 60ms
33 silly logfile done cleaning log files
34 http fetch GET 200 https://registry.npmjs.org/npm 877ms (cache miss)
35 http fetch GET 200 https://registry.npmjs.org/npm 913ms (cache miss)
36 timing command:run-script Completed in 91197ms
37 timing command:start Completed in 91203ms
38 notice
38 notice New [31mmajor[39m version of npm available! [31m8.18.0[39m -> [32m9.6.0[39m
38 notice Changelog: [36mhttps://github.com/npm/cli/releases/tag/v9.6.0[39m
38 notice Run [32mnpm install -g npm@9.6.0[39m to update!
38 notice
39 verbose exit 0
40 timing npm Completed in 91276ms
41 info ok
